<?xml version="1.0" encoding="UTF-8"?>
<testsuite xmlns:xsi="http://www.w3.org/2001/XMLSchema-instance" xsi:noNamespaceSchemaLocation="https://maven.apache.org/surefire/maven-surefire-plugin/xsd/surefire-test-report.xsd" name="HospitalTest" time="0.065" tests="24" errors="0" skipped="0" failures="6">
  <properties>
[...]
</properties>
  <testcase name="realizarPagamentoMedicoNuloSemExcecao" classname="HospitalTest" time="0.019"/>
  <testcase name="realizarPagamentoMedicoNulo" classname="HospitalTest" time="0.002"/>
  <testcase name="realizarPagamentoMedicoInativo" classname="HospitalTest" time="0.001"/>
  <testcase name="construtorHospital" classname="HospitalTest" time="0.002"/>
  <testcase name="realizarPagamentoHoraExtraMedicoNulo" classname="HospitalTest" time="0"/>
  <testcase name="classeHospitalGettersESetters" classname="HospitalTest" time="0.009"/>
  <testcase name="realizarPagamentoValorValido" classname="HospitalTest" time="0.007">
    <failure message="expected: &lt;10.0&gt; but was: &lt;0.0&gt;" type="org.opentest4j.AssertionFailedError"><![CDATA[org.opentest4j.AssertionFailedError: expected: <10.0> but was: <0.0>
	at HospitalTest.realizarPagamentoValorValido(HospitalTest.java:53)
]]></failure>
  </testcase>
  <testcase name="classeMedicoAtributosPrivados" classname="HospitalTest" time="0.001"/>
  <testcase name="realizarPagamentoHoraExtraValorInvalido" classname="HospitalTest" time="0"/>
  <testcase name="desligarMedicoInvalido" classname="HospitalTest" time="0.001"/>
  <testcase name="realizarPagamentoHoraExtraNull" classname="HospitalTest" time="0.001">
    <failure message="expected: &lt;0&gt; but was: &lt;1&gt;" type="org.opentest4j.AssertionFailedError"><![CDATA[org.opentest4j.AssertionFailedError: expected: <0> but was: <1>
	at HospitalTest.realizarPagamentoHoraExtraNull(HospitalTest.java:164)
]]></failure>
    <system-out><![CDATA[Digite um valor valido.
]]></system-out>
  </testcase>
  <testcase name="realizarPagamentoHoraExtraNegativa" classname="HospitalTest" time="0.001">
    <failure message="expected: &lt;0&gt; but was: &lt;1&gt;" type="org.opentest4j.AssertionFailedError"><![CDATA[org.opentest4j.AssertionFailedError: expected: <0> but was: <1>
	at HospitalTest.realizarPagamentoHoraExtraNegativa(HospitalTest.java:155)
]]></failure>
    <system-out><![CDATA[Digite um valor valido.
]]></system-out>
  </testcase>
  <testcase name="realizarPagamentoHoraExtraMedicoNuloSemExcecao" classname="HospitalTest" time="0"/>
  <testcase name="construtorMedico" classname="HospitalTest" time="0"/>
  <testcase name="realizarPagamentoHoraExtraValorValido" classname="HospitalTest" time="0.001">
    <failure message="expected: &lt;20.0&gt; but was: &lt;0.0&gt;" type="org.opentest4j.AssertionFailedError"><![CDATA[org.opentest4j.AssertionFailedError: expected: <20.0> but was: <0.0>
	at HospitalTest.realizarPagamentoHoraExtraValorValido(HospitalTest.java:111)
]]></failure>
  </testcase>
  <testcase name="classeHospitalAtributosPrivados" classname="HospitalTest" time="0.002">
    <failure message="expected: &lt;true&gt; but was: &lt;false&gt;" type="org.opentest4j.AssertionFailedError"><![CDATA[org.opentest4j.AssertionFailedError: expected: <true> but was: <false>
	at HospitalTest.lambda$classeHospitalAtributosPrivados$7(HospitalTest.java:188)
	at HospitalTest.classeHospitalAtributosPrivados(HospitalTest.java:187)
]]></failure>
  </testcase>
  <testcase name="realizarPagamentoValorInvalido" classname="HospitalTest" time="0"/>
  <testcase name="realizarPagamentoValorNulo" classname="HospitalTest" time="0"/>
  <testcase name="realizarPagamentoHoraExtraMedicoInativo" classname="HospitalTest" time="0.001"/>
  <testcase name="classeMedicoMetodosPublicos" classname="HospitalTest" time="0"/>
  <testcase name="classeMedicoGettersESetters" classname="HospitalTest" time="0.001"/>
  <testcase name="classeHospitalaMetodosPublicos" classname="HospitalTest" time="0.001"/>
  <testcase name="desligarMedicoValido" classname="HospitalTest" time="0.001">
    <failure message="expected: &lt;false&gt; but was: &lt;true&gt;" type="org.opentest4j.AssertionFailedError"><![CDATA[org.opentest4j.AssertionFailedError: expected: <false> but was: <true>
	at HospitalTest.desligarMedicoValido(HospitalTest.java:172)
]]></failure>
  </testcase>
  <testcase name="realizarPagamentoValorNuloSemExcecao" classname="HospitalTest" time="0"/>
</testsuite>